<?xml version="1.0" encoding="UTF-8"?>
<!-- Generated by org.testng.reporters.JUnitReportReporter -->
<testsuite skipped="0" hostname="sourceandroid" name="com.qa.test.HomeTest" tests="1" failures="0" timestamp="21 May 2019 10:09:15 GMT" time="29.884" errors="0">
  <testcase name="verifySellLink" time="29.884" classname="com.qa.test.HomeTest"/>
</testsuite> <!-- com.qa.test.HomeTest -->
