<?xml version="1.0" encoding="UTF-8"?>
<!-- Generated by org.testng.reporters.JUnitReportReporter -->
<testsuite skipped="0" hostname="sourceandroid" name="com.qa.test.LoginTest" tests="3" failures="0" timestamp="17 May 2019 07:20:49 GMT" time="58.336" errors="0">
  <testcase name="verifyTranstBtn" time="14.216" classname="com.qa.test.LoginTest"/>
  <testcase name="verifiySignIn" time="17.359" classname="com.qa.test.LoginTest"/>
  <testcase name="verifyLogin" time="26.761" classname="com.qa.test.LoginTest"/>
</testsuite> <!-- com.qa.test.LoginTest -->
