<?xml version="1.0" encoding="UTF-8"?>
<!-- Generated by org.testng.reporters.JUnitReportReporter -->
<testsuite skipped="0" hostname="sourceandroid" name="com.qa.test.AddProductTest" tests="17" failures="0" timestamp="21 May 2019 07:21:09 GMT" time="845.211" errors="0">
  <testcase name="verifySelectCategory" time="32.444" classname="com.qa.test.AddProductTest"/>
  <testcase name="verifyProductname" time="34.774" classname="com.qa.test.AddProductTest"/>
  <testcase name="verifyBrandname" time="37.363" classname="com.qa.test.AddProductTest"/>
  <testcase name="verifyModel" time="44.720" classname="com.qa.test.AddProductTest"/>
  <testcase name="verifySuspensions" time="39.127" classname="com.qa.test.AddProductTest"/>
  <testcase name="verifyProdActulPrice" time="38.536" classname="com.qa.test.AddProductTest"/>
  <testcase name="verifySellingPrice" time="42.726" classname="com.qa.test.AddProductTest"/>
  <testcase name="verifyBaterycap" time="51.041" classname="com.qa.test.AddProductTest"/>
  <testcase name="verifyElectMoterBrand" time="46.979" classname="com.qa.test.AddProductTest"/>
  <testcase name="verifyElectMoterYear" time="50.397" classname="com.qa.test.AddProductTest"/>
  <testcase name="verifyElectMoterMileage" time="51.410" classname="com.qa.test.AddProductTest"/>
  <testcase name="verifyFrameMaterial" time="53.518" classname="com.qa.test.AddProductTest"/>
  <testcase name="verifyFrameSize" time="63.645" classname="com.qa.test.AddProductTest"/>
  <testcase name="verifySupportSp" time="58.408" classname="com.qa.test.AddProductTest"/>
  <testcase name="verifyWheelSize" time="66.380" classname="com.qa.test.AddProductTest"/>
  <testcase name="verifyGender" time="62.181" classname="com.qa.test.AddProductTest"/>
  <testcase name="verifySaveBtn" time="71.562" classname="com.qa.test.AddProductTest"/>
</testsuite> <!-- com.qa.test.AddProductTest -->
