<?xml version="1.0" encoding="UTF-8"?>
<!-- Generated by org.testng.reporters.JUnitReportReporter -->
<testsuite skipped="0" hostname="sourceandroid" name="com.qa.test.LoginTest" tests="3" failures="0" timestamp="21 May 2019 10:09:15 GMT" time="58.249" errors="0">
  <testcase name="verifyTranstBtn" time="14.053" classname="com.qa.test.LoginTest"/>
  <testcase name="verifiySignIn" time="16.874" classname="com.qa.test.LoginTest"/>
  <testcase name="verifyLogin" time="27.322" classname="com.qa.test.LoginTest"/>
</testsuite> <!-- com.qa.test.LoginTest -->
