<?xml version="1.0" encoding="UTF-8"?>
<!-- Generated by org.testng.reporters.JUnitReportReporter -->
<testsuite skipped="0" hostname="sourceandroid" name="com.qa.test.HomeTest" tests="1" failures="0" timestamp="17 May 2019 07:15:11 GMT" time="27.152" errors="0">
  <testcase name="verifySellLink" time="27.152" classname="com.qa.test.HomeTest"/>
</testsuite> <!-- com.qa.test.HomeTest -->
