<?xml version="1.0" encoding="UTF-8"?>
<!-- Generated by org.testng.reporters.JUnitReportReporter -->
<testsuite skipped="0" hostname="sourceandroid" name="com.qa.test.AddProductTest" tests="17" failures="0" timestamp="21 May 2019 10:09:15 GMT" time="914.573" errors="0">
  <testcase name="verifySelectCategory" time="32.627" classname="com.qa.test.AddProductTest"/>
  <testcase name="verifyProductname" time="34.394" classname="com.qa.test.AddProductTest"/>
  <testcase name="verifyBrandname" time="36.405" classname="com.qa.test.AddProductTest"/>
  <testcase name="verifyModel" time="38.246" classname="com.qa.test.AddProductTest"/>
  <testcase name="verifySuspensions" time="40.866" classname="com.qa.test.AddProductTest"/>
  <testcase name="verifyProdActulPrice" time="38.401" classname="com.qa.test.AddProductTest"/>
  <testcase name="verifySellingPrice" time="44.365" classname="com.qa.test.AddProductTest"/>
  <testcase name="verifyBaterycap" time="43.754" classname="com.qa.test.AddProductTest"/>
  <testcase name="verifyElectMoterBrand" time="48.352" classname="com.qa.test.AddProductTest"/>
  <testcase name="verifyElectMoterYear" time="65.970" classname="com.qa.test.AddProductTest"/>
  <testcase name="verifyElectMoterMileage" time="64.463" classname="com.qa.test.AddProductTest"/>
  <testcase name="verifyFrameMaterial" time="63.703" classname="com.qa.test.AddProductTest"/>
  <testcase name="verifyFrameSize" time="74.823" classname="com.qa.test.AddProductTest"/>
  <testcase name="verifySupportSp" time="69.784" classname="com.qa.test.AddProductTest"/>
  <testcase name="verifyWheelSize" time="61.944" classname="com.qa.test.AddProductTest"/>
  <testcase name="verifyGender" time="67.170" classname="com.qa.test.AddProductTest"/>
  <testcase name="verifySaveBtn" time="89.306" classname="com.qa.test.AddProductTest"/>
</testsuite> <!-- com.qa.test.AddProductTest -->
